<?xml version="1.0" encoding="UTF-8"?>
<coverage generated="1474393528945" clover="3.2.0">
  <project timestamp="1474393528946" name="All files">
    <metrics statements="144" coveredstatements="86" conditionals="81" coveredconditionals="65" methods="38" coveredmethods="17" elements="263" coveredelements="168" complexity="0" loc="144" ncloc="144" packages="7" files="8" classes="8">
      <package name="components">
        <metrics statements="3" coveredstatements="2" conditionals="0" coveredconditionals="0" methods="1" coveredmethods="0"/>
        <file name="root.js" path="/Users/joe/dexcom/src/components/root.js">
          <metrics statements="3" coveredstatements="2" conditionals="0" coveredconditionals="0" methods="1" coveredmethods="0"/>
          <line num="7" count="1" type="stmt"/>
          <line num="11" count="1" type="stmt"/>
          <line num="12" count="0" type="stmt"/>
        </file>
      </package>
      <package name="components.ForecastDisplay">
        <metrics statements="74" coveredstatements="52" conditionals="64" coveredconditionals="59" methods="17" coveredmethods="14"/>
        <file name="index.js" path="/Users/joe/dexcom/src/components/ForecastDisplay/index.js">
          <metrics statements="22" coveredstatements="16" conditionals="8" coveredconditionals="5" methods="7" coveredmethods="4"/>
          <line num="12" count="3" type="stmt"/>
          <line num="40" count="3" type="stmt"/>
          <line num="41" count="1" type="stmt"/>
          <line num="43" count="0" type="stmt"/>
          <line num="44" count="0" type="stmt"/>
          <line num="45" count="0" type="stmt"/>
          <line num="49" count="3" type="stmt"/>
          <line num="50" count="5" type="stmt"/>
          <line num="51" count="5" type="stmt"/>
          <line num="60" count="3" type="stmt"/>
          <line num="61" count="6" type="stmt"/>
          <line num="67" count="3" type="stmt"/>
          <line num="68" count="5" type="stmt"/>
          <line num="79" count="3" type="stmt"/>
          <line num="81" count="3" type="stmt"/>
          <line num="85" count="1" type="stmt"/>
          <line num="88" count="0" type="stmt"/>
          <line num="92" count="0" type="stmt"/>
          <line num="95" count="0" type="stmt"/>
          <line num="99" count="3" type="stmt"/>
          <line num="100" count="3" type="stmt"/>
          <line num="101" count="3" type="stmt"/>
        </file>
        <file name="utilities.js" path="/Users/joe/dexcom/src/components/ForecastDisplay/utilities.js">
          <metrics statements="52" coveredstatements="36" conditionals="56" coveredconditionals="54" methods="10" coveredmethods="10"/>
          <line num="3" count="4" type="stmt"/>
          <line num="6" count="5" type="stmt"/>
          <line num="13" count="4" type="stmt"/>
          <line num="19" count="4" type="stmt"/>
          <line num="20" count="3" type="stmt"/>
          <line num="21" count="3" type="stmt"/>
          <line num="22" count="2" type="stmt"/>
          <line num="23" count="2" type="stmt"/>
          <line num="26" count="3" type="stmt"/>
          <line num="30" count="4" type="stmt"/>
          <line num="31" count="3" type="stmt"/>
          <line num="32" count="3" type="stmt"/>
          <line num="38" count="4" type="stmt"/>
          <line num="39" count="3" type="stmt"/>
          <line num="40" count="2" type="stmt"/>
          <line num="42" count="2" type="stmt"/>
          <line num="49" count="1" type="stmt"/>
          <line num="56" count="4" type="stmt"/>
          <line num="57" count="367" type="stmt"/>
          <line num="59" count="30" type="stmt"/>
          <line num="60" count="0" type="stmt"/>
          <line num="62" count="24" type="stmt"/>
          <line num="63" count="0" type="stmt"/>
          <line num="65" count="14" type="stmt"/>
          <line num="66" count="0" type="stmt"/>
          <line num="68" count="33" type="stmt"/>
          <line num="69" count="0" type="stmt"/>
          <line num="71" count="24" type="stmt"/>
          <line num="72" count="0" type="stmt"/>
          <line num="74" count="24" type="stmt"/>
          <line num="75" count="0" type="stmt"/>
          <line num="77" count="27" type="stmt"/>
          <line num="78" count="0" type="stmt"/>
          <line num="80" count="22" type="stmt"/>
          <line num="81" count="0" type="stmt"/>
          <line num="83" count="26" type="stmt"/>
          <line num="84" count="0" type="stmt"/>
          <line num="86" count="22" type="stmt"/>
          <line num="87" count="0" type="stmt"/>
          <line num="89" count="20" type="stmt"/>
          <line num="90" count="0" type="stmt"/>
          <line num="92" count="29" type="stmt"/>
          <line num="93" count="0" type="stmt"/>
          <line num="95" count="13" type="stmt"/>
          <line num="96" count="0" type="stmt"/>
          <line num="98" count="20" type="stmt"/>
          <line num="99" count="0" type="stmt"/>
          <line num="101" count="15" type="stmt"/>
          <line num="102" count="0" type="stmt"/>
          <line num="104" count="22" type="stmt"/>
          <line num="105" count="0" type="stmt"/>
          <line num="107" count="2" type="stmt"/>
        </file>
      </package>
      <package name="components.ForecastDisplay.MinuteDataView">
        <metrics statements="7" coveredstatements="5" conditionals="4" coveredconditionals="4" methods="2" coveredmethods="1"/>
        <file name="index.js" path="/Users/joe/dexcom/src/components/ForecastDisplay/MinuteDataView/index.js">
          <metrics statements="7" coveredstatements="5" conditionals="4" coveredconditionals="4" methods="2" coveredmethods="1"/>
          <line num="7" count="4" type="stmt"/>
          <line num="12" count="5" type="stmt"/>
          <line num="17" count="1" type="stmt"/>
          <line num="18" count="0" type="stmt"/>
          <line num="19" count="0" type="stmt"/>
          <line num="21" count="1" type="stmt"/>
          <line num="23" count="1" type="stmt"/>
        </file>
      </package>
      <package name="components.LocationSearchBar">
        <metrics statements="6" coveredstatements="6" conditionals="1" coveredconditionals="1" methods="0" coveredmethods="0"/>
        <file name="index.js" path="/Users/joe/dexcom/src/components/LocationSearchBar/index.js">
          <metrics statements="6" coveredstatements="6" conditionals="1" coveredconditionals="1" methods="0" coveredmethods="0"/>
          <line num="2" count="3" type="stmt"/>
          <line num="9" count="3" type="stmt"/>
          <line num="11" count="4" type="stmt"/>
          <line num="15" count="2" type="stmt"/>
          <line num="16" count="2" type="stmt"/>
          <line num="20" count="6" type="stmt"/>
        </file>
      </package>
      <package name="components.LocationSearchBar.Input">
        <metrics statements="16" coveredstatements="10" conditionals="2" coveredconditionals="0" methods="5" coveredmethods="1"/>
        <file name="index.js" path="/Users/joe/dexcom/src/components/LocationSearchBar/Input/index.js">
          <metrics statements="16" coveredstatements="10" conditionals="2" coveredconditionals="0" methods="5" coveredmethods="1"/>
          <line num="2" count="4" type="stmt"/>
          <line num="6" count="4" type="stmt"/>
          <line num="8" count="0" type="stmt"/>
          <line num="9" count="0" type="stmt"/>
          <line num="15" count="4" type="stmt"/>
          <line num="17" count="4" type="stmt"/>
          <line num="21" count="1" type="stmt"/>
          <line num="22" count="1" type="stmt"/>
          <line num="28" count="4" type="stmt"/>
          <line num="29" count="4" type="stmt"/>
          <line num="30" count="0" type="stmt"/>
          <line num="33" count="0" type="stmt"/>
          <line num="34" count="0" type="stmt"/>
          <line num="36" count="0" type="stmt"/>
          <line num="43" count="7" type="stmt"/>
          <line num="44" count="9" type="stmt"/>
        </file>
      </package>
      <package name="components.LocationSearchBar.SubmitButton">
        <metrics statements="2" coveredstatements="2" conditionals="0" coveredconditionals="0" methods="1" coveredmethods="1"/>
        <file name="index.js" path="/Users/joe/dexcom/src/components/LocationSearchBar/SubmitButton/index.js">
          <metrics statements="2" coveredstatements="2" conditionals="0" coveredconditionals="0" methods="1" coveredmethods="1"/>
          <line num="4" count="4" type="stmt"/>
          <line num="5" count="6" type="stmt"/>
        </file>
      </package>
      <package name="components.Map">
        <metrics statements="36" coveredstatements="9" conditionals="10" coveredconditionals="1" methods="12" coveredmethods="0"/>
        <file name="index.js" path="/Users/joe/dexcom/src/components/Map/index.js">
          <metrics statements="36" coveredstatements="9" conditionals="10" coveredconditionals="1" methods="12" coveredmethods="0"/>
          <line num="8" count="2" type="stmt"/>
          <line num="12" count="2" type="stmt"/>
          <line num="14" count="0" type="stmt"/>
          <line num="18" count="0" type="stmt"/>
          <line num="25" count="0" type="stmt"/>
          <line num="29" count="0" type="stmt"/>
          <line num="30" count="0" type="stmt"/>
          <line num="34" count="0" type="stmt"/>
          <line num="38" count="0" type="stmt"/>
          <line num="49" count="2" type="stmt"/>
          <line num="50" count="0" type="stmt"/>
          <line num="51" count="0" type="stmt"/>
          <line num="54" count="0" type="stmt"/>
          <line num="57" count="0" type="stmt"/>
          <line num="58" count="0" type="stmt"/>
          <line num="60" count="0" type="stmt"/>
          <line num="61" count="0" type="stmt"/>
          <line num="62" count="0" type="stmt"/>
          <line num="65" count="2" type="stmt"/>
          <line num="66" count="0" type="stmt"/>
          <line num="67" count="0" type="stmt"/>
          <line num="68" count="0" type="stmt"/>
          <line num="71" count="2" type="stmt"/>
          <line num="72" count="0" type="stmt"/>
          <line num="73" count="0" type="stmt"/>
          <line num="74" count="0" type="stmt"/>
          <line num="77" count="2" type="stmt"/>
          <line num="82" count="1" type="stmt"/>
          <line num="87" count="1" type="stmt"/>
          <line num="88" count="0" type="stmt"/>
          <line num="92" count="0" type="stmt"/>
          <line num="93" count="0" type="stmt"/>
          <line num="94" count="0" type="stmt"/>
          <line num="95" count="0" type="stmt"/>
          <line num="100" count="0" type="stmt"/>
          <line num="104" count="1" type="stmt"/>
        </file>
      </package>
    </metrics>
  </project>
</coverage>
