<?xml version="1.0" encoding="UTF-8"?>
<coverage generated="1474357616334" clover="3.2.0">
  <project timestamp="1474357616334" name="All files">
    <metrics statements="143" coveredstatements="81" conditionals="81" coveredconditionals="61" methods="39" coveredmethods="16" elements="263" coveredelements="158" complexity="0" loc="143" ncloc="143" packages="8" files="10" classes="10">
      <package name="dexcom">
        <metrics statements="2" coveredstatements="2" conditionals="0" coveredconditionals="0" methods="1" coveredmethods="1"/>
        <file name="fileMock.js" path="/Users/joe/dexcom/fileMock.js">
          <metrics statements="1" coveredstatements="1" conditionals="0" coveredconditionals="0" methods="1" coveredmethods="1"/>
          <line num="1" count="1" type="stmt"/>
        </file>
        <file name="styleMock.js" path="/Users/joe/dexcom/styleMock.js">
          <metrics statements="1" coveredstatements="1" conditionals="0" coveredconditionals="0" methods="0" coveredmethods="0"/>
          <line num="1" count="7" type="stmt"/>
        </file>
      </package>
      <package name="dexcom.src.components">
        <metrics statements="2" coveredstatements="2" conditionals="0" coveredconditionals="0" methods="1" coveredmethods="1"/>
        <file name="root.js" path="/Users/joe/dexcom/src/components/root.js">
          <metrics statements="2" coveredstatements="2" conditionals="0" coveredconditionals="0" methods="1" coveredmethods="1"/>
          <line num="11" count="1" type="stmt"/>
          <line num="12" count="2" type="stmt"/>
        </file>
      </package>
      <package name="dexcom.src.components.ForecastDisplay">
        <metrics statements="72" coveredstatements="44" conditionals="64" coveredconditionals="55" methods="17" coveredmethods="11"/>
        <file name="index.js" path="/Users/joe/dexcom/src/components/ForecastDisplay/index.js">
          <metrics statements="20" coveredstatements="8" conditionals="8" coveredconditionals="1" methods="7" coveredmethods="1"/>
          <line num="12" count="3" type="stmt"/>
          <line num="40" count="3" type="stmt"/>
          <line num="41" count="0" type="stmt"/>
          <line num="43" count="0" type="stmt"/>
          <line num="47" count="3" type="stmt"/>
          <line num="48" count="3" type="stmt"/>
          <line num="49" count="3" type="stmt"/>
          <line num="58" count="3" type="stmt"/>
          <line num="59" count="0" type="stmt"/>
          <line num="65" count="3" type="stmt"/>
          <line num="66" count="0" type="stmt"/>
          <line num="77" count="3" type="stmt"/>
          <line num="79" count="0" type="stmt"/>
          <line num="83" count="0" type="stmt"/>
          <line num="86" count="0" type="stmt"/>
          <line num="90" count="0" type="stmt"/>
          <line num="93" count="0" type="stmt"/>
          <line num="97" count="0" type="stmt"/>
          <line num="98" count="0" type="stmt"/>
          <line num="99" count="0" type="stmt"/>
        </file>
        <file name="utilities.js" path="/Users/joe/dexcom/src/components/ForecastDisplay/utilities.js">
          <metrics statements="52" coveredstatements="36" conditionals="56" coveredconditionals="54" methods="10" coveredmethods="10"/>
          <line num="3" count="4" type="stmt"/>
          <line num="6" count="3" type="stmt"/>
          <line num="13" count="4" type="stmt"/>
          <line num="19" count="4" type="stmt"/>
          <line num="20" count="2" type="stmt"/>
          <line num="21" count="2" type="stmt"/>
          <line num="22" count="2" type="stmt"/>
          <line num="23" count="2" type="stmt"/>
          <line num="26" count="2" type="stmt"/>
          <line num="30" count="4" type="stmt"/>
          <line num="31" count="2" type="stmt"/>
          <line num="32" count="2" type="stmt"/>
          <line num="38" count="4" type="stmt"/>
          <line num="39" count="2" type="stmt"/>
          <line num="40" count="2" type="stmt"/>
          <line num="42" count="2" type="stmt"/>
          <line num="49" count="1" type="stmt"/>
          <line num="56" count="4" type="stmt"/>
          <line num="57" count="362" type="stmt"/>
          <line num="59" count="28" type="stmt"/>
          <line num="60" count="0" type="stmt"/>
          <line num="62" count="18" type="stmt"/>
          <line num="63" count="0" type="stmt"/>
          <line num="65" count="23" type="stmt"/>
          <line num="66" count="0" type="stmt"/>
          <line num="68" count="28" type="stmt"/>
          <line num="69" count="0" type="stmt"/>
          <line num="71" count="22" type="stmt"/>
          <line num="72" count="0" type="stmt"/>
          <line num="74" count="17" type="stmt"/>
          <line num="75" count="0" type="stmt"/>
          <line num="77" count="29" type="stmt"/>
          <line num="78" count="0" type="stmt"/>
          <line num="80" count="18" type="stmt"/>
          <line num="81" count="0" type="stmt"/>
          <line num="83" count="20" type="stmt"/>
          <line num="84" count="0" type="stmt"/>
          <line num="86" count="23" type="stmt"/>
          <line num="87" count="0" type="stmt"/>
          <line num="89" count="16" type="stmt"/>
          <line num="90" count="0" type="stmt"/>
          <line num="92" count="19" type="stmt"/>
          <line num="93" count="0" type="stmt"/>
          <line num="95" count="25" type="stmt"/>
          <line num="96" count="0" type="stmt"/>
          <line num="98" count="21" type="stmt"/>
          <line num="99" count="0" type="stmt"/>
          <line num="101" count="26" type="stmt"/>
          <line num="102" count="0" type="stmt"/>
          <line num="104" count="27" type="stmt"/>
          <line num="105" count="0" type="stmt"/>
          <line num="107" count="2" type="stmt"/>
        </file>
      </package>
      <package name="dexcom.src.components.ForecastDisplay.MinuteDataView">
        <metrics statements="7" coveredstatements="5" conditionals="4" coveredconditionals="4" methods="2" coveredmethods="1"/>
        <file name="index.js" path="/Users/joe/dexcom/src/components/ForecastDisplay/MinuteDataView/index.js">
          <metrics statements="7" coveredstatements="5" conditionals="4" coveredconditionals="4" methods="2" coveredmethods="1"/>
          <line num="7" count="4" type="stmt"/>
          <line num="12" count="2" type="stmt"/>
          <line num="17" count="1" type="stmt"/>
          <line num="18" count="0" type="stmt"/>
          <line num="19" count="0" type="stmt"/>
          <line num="21" count="1" type="stmt"/>
          <line num="23" count="1" type="stmt"/>
        </file>
      </package>
      <package name="dexcom.src.components.LocationSearchBar">
        <metrics statements="6" coveredstatements="6" conditionals="1" coveredconditionals="1" methods="0" coveredmethods="0"/>
        <file name="index.js" path="/Users/joe/dexcom/src/components/LocationSearchBar/index.js">
          <metrics statements="6" coveredstatements="6" conditionals="1" coveredconditionals="1" methods="0" coveredmethods="0"/>
          <line num="2" count="3" type="stmt"/>
          <line num="9" count="3" type="stmt"/>
          <line num="11" count="4" type="stmt"/>
          <line num="15" count="2" type="stmt"/>
          <line num="16" count="2" type="stmt"/>
          <line num="20" count="6" type="stmt"/>
        </file>
      </package>
      <package name="dexcom.src.components.LocationSearchBar.Input">
        <metrics statements="16" coveredstatements="10" conditionals="2" coveredconditionals="0" methods="5" coveredmethods="1"/>
        <file name="index.js" path="/Users/joe/dexcom/src/components/LocationSearchBar/Input/index.js">
          <metrics statements="16" coveredstatements="10" conditionals="2" coveredconditionals="0" methods="5" coveredmethods="1"/>
          <line num="2" count="4" type="stmt"/>
          <line num="6" count="4" type="stmt"/>
          <line num="8" count="0" type="stmt"/>
          <line num="9" count="0" type="stmt"/>
          <line num="15" count="4" type="stmt"/>
          <line num="17" count="4" type="stmt"/>
          <line num="21" count="1" type="stmt"/>
          <line num="22" count="1" type="stmt"/>
          <line num="28" count="4" type="stmt"/>
          <line num="29" count="4" type="stmt"/>
          <line num="30" count="0" type="stmt"/>
          <line num="33" count="0" type="stmt"/>
          <line num="34" count="0" type="stmt"/>
          <line num="36" count="0" type="stmt"/>
          <line num="43" count="7" type="stmt"/>
          <line num="44" count="9" type="stmt"/>
        </file>
      </package>
      <package name="dexcom.src.components.LocationSearchBar.SubmitButton">
        <metrics statements="2" coveredstatements="2" conditionals="0" coveredconditionals="0" methods="1" coveredmethods="1"/>
        <file name="index.js" path="/Users/joe/dexcom/src/components/LocationSearchBar/SubmitButton/index.js">
          <metrics statements="2" coveredstatements="2" conditionals="0" coveredconditionals="0" methods="1" coveredmethods="1"/>
          <line num="4" count="4" type="stmt"/>
          <line num="5" count="6" type="stmt"/>
        </file>
      </package>
      <package name="dexcom.src.components.Map">
        <metrics statements="36" coveredstatements="10" conditionals="10" coveredconditionals="1" methods="12" coveredmethods="0"/>
        <file name="index.js" path="/Users/joe/dexcom/src/components/Map/index.js">
          <metrics statements="36" coveredstatements="10" conditionals="10" coveredconditionals="1" methods="12" coveredmethods="0"/>
          <line num="8" count="2" type="stmt"/>
          <line num="12" count="2" type="stmt"/>
          <line num="14" count="0" type="stmt"/>
          <line num="18" count="0" type="stmt"/>
          <line num="25" count="0" type="stmt"/>
          <line num="29" count="0" type="stmt"/>
          <line num="30" count="0" type="stmt"/>
          <line num="34" count="1" type="stmt"/>
          <line num="38" count="0" type="stmt"/>
          <line num="49" count="2" type="stmt"/>
          <line num="50" count="0" type="stmt"/>
          <line num="51" count="0" type="stmt"/>
          <line num="54" count="0" type="stmt"/>
          <line num="57" count="0" type="stmt"/>
          <line num="58" count="0" type="stmt"/>
          <line num="60" count="0" type="stmt"/>
          <line num="61" count="0" type="stmt"/>
          <line num="62" count="0" type="stmt"/>
          <line num="65" count="2" type="stmt"/>
          <line num="66" count="0" type="stmt"/>
          <line num="67" count="0" type="stmt"/>
          <line num="68" count="0" type="stmt"/>
          <line num="71" count="2" type="stmt"/>
          <line num="72" count="0" type="stmt"/>
          <line num="73" count="0" type="stmt"/>
          <line num="74" count="0" type="stmt"/>
          <line num="77" count="2" type="stmt"/>
          <line num="82" count="1" type="stmt"/>
          <line num="87" count="1" type="stmt"/>
          <line num="88" count="0" type="stmt"/>
          <line num="92" count="0" type="stmt"/>
          <line num="93" count="0" type="stmt"/>
          <line num="94" count="0" type="stmt"/>
          <line num="95" count="0" type="stmt"/>
          <line num="100" count="0" type="stmt"/>
          <line num="104" count="1" type="stmt"/>
        </file>
      </package>
    </metrics>
  </project>
</coverage>
