{"/Users/joe/dexcom/src/components/root.js": {"path":"/Users/joe/dexcom/src/components/root.js","statementMap":{"0":{"start":{"line":11,"column":20},"end":{"line":15,"column":1}},"1":{"start":{"line":12,"column":2},"end":{"line":14,"column":12}}},"fnMap":{"0":{"name":"(anonymous_0)","decl":{"start":{"line":11,"column":20},"end":{"line":11,"column":21}},"loc":{"start":{"line":11,"column":29},"end":{"line":15,"column":1}}}},"branchMap":{},"s":{"0":1,"1":2},"f":{"0":2},"b":{},"hash":"79b136912db5305f753e675d9c9dc3c510f75c04"}
,"/Users/joe/dexcom/src/components/ForecastDisplay/index.js": {"path":"/Users/joe/dexcom/src/components/ForecastDisplay/index.js","statementMap":{"0":{"start":{"line":12,"column":21},"end":{"line":32,"column":1}},"1":{"start":{"line":40,"column":30},"end":{"line":47,"column":1}},"2":{"start":{"line":41,"column":2},"end":{"line":46,"column":6}},"3":{"start":{"line":43,"column":6},"end":{"line":43,"column":83}},"4":{"start":{"line":44,"column":6},"end":{"line":44,"column":77}},"5":{"start":{"line":45,"column":6},"end":{"line":45,"column":63}},"6":{"start":{"line":49,"column":23},"end":{"line":58,"column":1}},"7":{"start":{"line":50,"column":15},"end":{"line":50,"column":42}},"8":{"start":{"line":51,"column":2},"end":{"line":57,"column":8}},"9":{"start":{"line":60,"column":31},"end":{"line":65,"column":1}},"10":{"start":{"line":61,"column":2},"end":{"line":64,"column":8}},"11":{"start":{"line":67,"column":29},"end":{"line":77,"column":1}},"12":{"start":{"line":68,"column":2},"end":{"line":76,"column":8}},"13":{"start":{"line":79,"column":31},"end":{"line":107,"column":2}},"14":{"start":{"line":81,"column":4},"end":{"line":81,"column":67}},"15":{"start":{"line":85,"column":4},"end":{"line":88,"column":46}},"16":{"start":{"line":88,"column":23},"end":{"line":88,"column":45}},"17":{"start":{"line":92,"column":4},"end":{"line":95,"column":46}},"18":{"start":{"line":95,"column":23},"end":{"line":95,"column":45}},"19":{"start":{"line":99,"column":43},"end":{"line":99,"column":53}},"20":{"start":{"line":100,"column":19},"end":{"line":100,"column":87}},"21":{"start":{"line":101,"column":4},"end":{"line":105,"column":14}}},"fnMap":{"0":{"name":"(anonymous_0)","decl":{"start":{"line":40,"column":30},"end":{"line":40,"column":31}},"loc":{"start":{"line":40,"column":109},"end":{"line":47,"column":1}}},"1":{"name":"(anonymous_1)","decl":{"start":{"line":42,"column":10},"end":{"line":42,"column":11}},"loc":{"start":{"line":42,"column":21},"end":{"line":46,"column":5}}},"2":{"name":"(anonymous_2)","decl":{"start":{"line":49,"column":23},"end":{"line":49,"column":24}},"loc":{"start":{"line":49,"column":55},"end":{"line":58,"column":1}}},"3":{"name":"(anonymous_3)","decl":{"start":{"line":60,"column":31},"end":{"line":60,"column":32}},"loc":{"start":{"line":60,"column":49},"end":{"line":65,"column":1}}},"4":{"name":"(anonymous_4)","decl":{"start":{"line":67,"column":29},"end":{"line":67,"column":30}},"loc":{"start":{"line":67,"column":45},"end":{"line":77,"column":1}}},"5":{"name":"(anonymous_5)","decl":{"start":{"line":88,"column":12},"end":{"line":88,"column":13}},"loc":{"start":{"line":88,"column":23},"end":{"line":88,"column":45}}},"6":{"name":"(anonymous_6)","decl":{"start":{"line":95,"column":12},"end":{"line":95,"column":13}},"loc":{"start":{"line":95,"column":23},"end":{"line":95,"column":45}}}},"branchMap":{"0":{"loc":{"start":{"line":40,"column":32},"end":{"line":40,"column":86}},"type":"default-arg","locations":[{"start":{"line":40,"column":41},"end":{"line":40,"column":86}}]},"1":{"loc":{"start":{"line":40,"column":88},"end":{"line":40,"column":103}},"type":"default-arg","locations":[{"start":{"line":40,"column":93},"end":{"line":40,"column":103}}]},"2":{"loc":{"start":{"line":56,"column":9},"end":{"line":56,"column":85}},"type":"cond-expr","locations":[{"start":{"line":56,"column":20},"end":{"line":56,"column":53}},{"start":{"line":56,"column":56},"end":{"line":56,"column":85}}]},"3":{"loc":{"start":{"line":62,"column":31},"end":{"line":62,"column":60}},"type":"cond-expr","locations":[{"start":{"line":62,"column":42},"end":{"line":62,"column":55}},{"start":{"line":62,"column":58},"end":{"line":62,"column":60}}]},"4":{"loc":{"start":{"line":63,"column":47},"end":{"line":63,"column":86}},"type":"cond-expr","locations":[{"start":{"line":63,"column":58},"end":{"line":63,"column":74}},{"start":{"line":63,"column":77},"end":{"line":63,"column":86}}]}},"s":{"0":3,"1":3,"2":1,"3":0,"4":0,"5":0,"6":3,"7":5,"8":5,"9":3,"10":6,"11":3,"12":5,"13":3,"14":3,"15":1,"16":0,"17":0,"18":0,"19":3,"20":3,"21":3},"f":{"0":1,"1":0,"2":5,"3":6,"4":5,"5":0,"6":0},"b":{"0":[0],"1":[0],"2":[0,5],"3":[3,3],"4":[3,3]},"hash":"927fa84ca388050808ca34fdd78c1280d810ac9a"}
,"/Users/joe/dexcom/src/components/ForecastDisplay/utilities.js": {"path":"/Users/joe/dexcom/src/components/ForecastDisplay/utilities.js","statementMap":{"0":{"start":{"line":3,"column":30},"end":{"line":7,"column":1}},"1":{"start":{"line":6,"column":2},"end":{"line":6,"column":65}},"2":{"start":{"line":13,"column":15},"end":{"line":17,"column":2}},"3":{"start":{"line":19,"column":29},"end":{"line":28,"column":1}},"4":{"start":{"line":20,"column":2},"end":{"line":27,"column":4}},"5":{"start":{"line":21,"column":27},"end":{"line":24,"column":5}},"6":{"start":{"line":22,"column":6},"end":{"line":22,"column":30}},"7":{"start":{"line":22,"column":17},"end":{"line":22,"column":30}},"8":{"start":{"line":23,"column":6},"end":{"line":23,"column":30}},"9":{"start":{"line":26,"column":4},"end":{"line":26,"column":41}},"10":{"start":{"line":30,"column":33},"end":{"line":36,"column":1}},"11":{"start":{"line":31,"column":15},"end":{"line":31,"column":38}},"12":{"start":{"line":32,"column":2},"end":{"line":35,"column":4}},"13":{"start":{"line":38,"column":29},"end":{"line":51,"column":1}},"14":{"start":{"line":39,"column":2},"end":{"line":50,"column":6}},"15":{"start":{"line":40,"column":22},"end":{"line":40,"column":42}},"16":{"start":{"line":42,"column":6},"end":{"line":46,"column":7}},"17":{"start":{"line":49,"column":6},"end":{"line":49,"column":17}},"18":{"start":{"line":56,"column":33},"end":{"line":109,"column":1}},"19":{"start":{"line":57,"column":2},"end":{"line":108,"column":3}},"20":{"start":{"line":59,"column":6},"end":{"line":59,"column":16}},"21":{"start":{"line":60,"column":6},"end":{"line":60,"column":11}},"22":{"start":{"line":62,"column":6},"end":{"line":62,"column":18}},"23":{"start":{"line":63,"column":6},"end":{"line":63,"column":11}},"24":{"start":{"line":65,"column":6},"end":{"line":65,"column":17}},"25":{"start":{"line":66,"column":6},"end":{"line":66,"column":11}},"26":{"start":{"line":68,"column":6},"end":{"line":68,"column":18}},"27":{"start":{"line":69,"column":6},"end":{"line":69,"column":11}},"28":{"start":{"line":71,"column":6},"end":{"line":71,"column":16}},"29":{"start":{"line":72,"column":6},"end":{"line":72,"column":11}},"30":{"start":{"line":74,"column":6},"end":{"line":74,"column":18}},"31":{"start":{"line":75,"column":6},"end":{"line":75,"column":11}},"32":{"start":{"line":77,"column":6},"end":{"line":77,"column":17}},"33":{"start":{"line":78,"column":6},"end":{"line":78,"column":11}},"34":{"start":{"line":80,"column":6},"end":{"line":80,"column":18}},"35":{"start":{"line":81,"column":6},"end":{"line":81,"column":11}},"36":{"start":{"line":83,"column":6},"end":{"line":83,"column":16}},"37":{"start":{"line":84,"column":6},"end":{"line":84,"column":11}},"38":{"start":{"line":86,"column":6},"end":{"line":86,"column":18}},"39":{"start":{"line":87,"column":6},"end":{"line":87,"column":11}},"40":{"start":{"line":89,"column":6},"end":{"line":89,"column":17}},"41":{"start":{"line":90,"column":6},"end":{"line":90,"column":11}},"42":{"start":{"line":92,"column":6},"end":{"line":92,"column":18}},"43":{"start":{"line":93,"column":6},"end":{"line":93,"column":11}},"44":{"start":{"line":95,"column":6},"end":{"line":95,"column":16}},"45":{"start":{"line":96,"column":6},"end":{"line":96,"column":11}},"46":{"start":{"line":98,"column":6},"end":{"line":98,"column":18}},"47":{"start":{"line":99,"column":6},"end":{"line":99,"column":11}},"48":{"start":{"line":101,"column":6},"end":{"line":101,"column":17}},"49":{"start":{"line":102,"column":6},"end":{"line":102,"column":11}},"50":{"start":{"line":104,"column":6},"end":{"line":104,"column":18}},"51":{"start":{"line":105,"column":6},"end":{"line":105,"column":11}},"52":{"start":{"line":107,"column":6},"end":{"line":107,"column":73}}},"fnMap":{"0":{"name":"(anonymous_0)","decl":{"start":{"line":3,"column":30},"end":{"line":3,"column":31}},"loc":{"start":{"line":3,"column":38},"end":{"line":7,"column":1}}},"1":{"name":"(anonymous_1)","decl":{"start":{"line":19,"column":29},"end":{"line":19,"column":30}},"loc":{"start":{"line":19,"column":39},"end":{"line":28,"column":1}}},"2":{"name":"(anonymous_2)","decl":{"start":{"line":20,"column":21},"end":{"line":20,"column":22}},"loc":{"start":{"line":20,"column":42},"end":{"line":27,"column":3}}},"3":{"name":"(anonymous_3)","decl":{"start":{"line":21,"column":27},"end":{"line":21,"column":28}},"loc":{"start":{"line":21,"column":47},"end":{"line":24,"column":5}}},"4":{"name":"(anonymous_4)","decl":{"start":{"line":30,"column":33},"end":{"line":30,"column":34}},"loc":{"start":{"line":30,"column":44},"end":{"line":36,"column":1}}},"5":{"name":"(anonymous_5)","decl":{"start":{"line":38,"column":29},"end":{"line":38,"column":30}},"loc":{"start":{"line":38,"column":88},"end":{"line":51,"column":1}}},"6":{"name":"(anonymous_6)","decl":{"start":{"line":40,"column":10},"end":{"line":40,"column":11}},"loc":{"start":{"line":40,"column":22},"end":{"line":40,"column":42}}},"7":{"name":"(anonymous_7)","decl":{"start":{"line":41,"column":10},"end":{"line":41,"column":11}},"loc":{"start":{"line":41,"column":21},"end":{"line":47,"column":5}}},"8":{"name":"(anonymous_8)","decl":{"start":{"line":48,"column":11},"end":{"line":48,"column":12}},"loc":{"start":{"line":48,"column":20},"end":{"line":50,"column":5}}},"9":{"name":"(anonymous_9)","decl":{"start":{"line":56,"column":33},"end":{"line":56,"column":34}},"loc":{"start":{"line":56,"column":44},"end":{"line":109,"column":1}}}},"branchMap":{"0":{"loc":{"start":{"line":22,"column":6},"end":{"line":22,"column":30}},"type":"if","locations":[{"start":{"line":22,"column":6},"end":{"line":22,"column":30}},{"start":{"line":22,"column":6},"end":{"line":22,"column":30}}]},"1":{"loc":{"start":{"line":38,"column":30},"end":{"line":38,"column":82}},"type":"default-arg","locations":[{"start":{"line":38,"column":39},"end":{"line":38,"column":82}}]},"2":{"loc":{"start":{"line":45,"column":18},"end":{"line":45,"column":95}},"type":"binary-expr","locations":[{"start":{"line":45,"column":18},"end":{"line":45,"column":34}},{"start":{"line":45,"column":38},"end":{"line":45,"column":95}}]},"3":{"loc":{"start":{"line":57,"column":2},"end":{"line":108,"column":3}},"type":"switch","locations":[{"start":{"line":58,"column":4},"end":{"line":60,"column":11}},{"start":{"line":61,"column":4},"end":{"line":63,"column":11}},{"start":{"line":64,"column":4},"end":{"line":66,"column":11}},{"start":{"line":67,"column":4},"end":{"line":69,"column":11}},{"start":{"line":70,"column":4},"end":{"line":72,"column":11}},{"start":{"line":73,"column":4},"end":{"line":75,"column":11}},{"start":{"line":76,"column":4},"end":{"line":78,"column":11}},{"start":{"line":79,"column":4},"end":{"line":81,"column":11}},{"start":{"line":82,"column":4},"end":{"line":84,"column":11}},{"start":{"line":85,"column":4},"end":{"line":87,"column":11}},{"start":{"line":88,"column":4},"end":{"line":90,"column":11}},{"start":{"line":91,"column":4},"end":{"line":93,"column":11}},{"start":{"line":94,"column":4},"end":{"line":96,"column":11}},{"start":{"line":97,"column":4},"end":{"line":99,"column":11}},{"start":{"line":100,"column":4},"end":{"line":102,"column":11}},{"start":{"line":103,"column":4},"end":{"line":105,"column":11}},{"start":{"line":106,"column":4},"end":{"line":107,"column":73}}]},"4":{"loc":{"start":{"line":58,"column":10},"end":{"line":58,"column":85}},"type":"binary-expr","locations":[{"start":{"line":58,"column":11},"end":{"line":58,"column":27}},{"start":{"line":58,"column":31},"end":{"line":58,"column":43}},{"start":{"line":58,"column":49},"end":{"line":58,"column":66}},{"start":{"line":58,"column":70},"end":{"line":58,"column":84}}]},"5":{"loc":{"start":{"line":61,"column":10},"end":{"line":61,"column":49}},"type":"binary-expr","locations":[{"start":{"line":61,"column":11},"end":{"line":61,"column":26}},{"start":{"line":61,"column":32},"end":{"line":61,"column":48}}]},"6":{"loc":{"start":{"line":64,"column":10},"end":{"line":64,"column":49}},"type":"binary-expr","locations":[{"start":{"line":64,"column":11},"end":{"line":64,"column":26}},{"start":{"line":64,"column":32},"end":{"line":64,"column":48}}]},"7":{"loc":{"start":{"line":67,"column":10},"end":{"line":67,"column":49}},"type":"binary-expr","locations":[{"start":{"line":67,"column":11},"end":{"line":67,"column":26}},{"start":{"line":67,"column":32},"end":{"line":67,"column":48}}]},"8":{"loc":{"start":{"line":70,"column":10},"end":{"line":70,"column":50}},"type":"binary-expr","locations":[{"start":{"line":70,"column":11},"end":{"line":70,"column":26}},{"start":{"line":70,"column":32},"end":{"line":70,"column":49}}]},"9":{"loc":{"start":{"line":73,"column":10},"end":{"line":73,"column":51}},"type":"binary-expr","locations":[{"start":{"line":73,"column":11},"end":{"line":73,"column":27}},{"start":{"line":73,"column":33},"end":{"line":73,"column":50}}]},"10":{"loc":{"start":{"line":76,"column":10},"end":{"line":76,"column":51}},"type":"binary-expr","locations":[{"start":{"line":76,"column":11},"end":{"line":76,"column":27}},{"start":{"line":76,"column":33},"end":{"line":76,"column":50}}]},"11":{"loc":{"start":{"line":79,"column":10},"end":{"line":79,"column":51}},"type":"binary-expr","locations":[{"start":{"line":79,"column":11},"end":{"line":79,"column":27}},{"start":{"line":79,"column":33},"end":{"line":79,"column":50}}]},"12":{"loc":{"start":{"line":82,"column":10},"end":{"line":82,"column":51}},"type":"binary-expr","locations":[{"start":{"line":82,"column":11},"end":{"line":82,"column":27}},{"start":{"line":82,"column":33},"end":{"line":82,"column":50}}]},"13":{"loc":{"start":{"line":85,"column":10},"end":{"line":85,"column":51}},"type":"binary-expr","locations":[{"start":{"line":85,"column":11},"end":{"line":85,"column":27}},{"start":{"line":85,"column":33},"end":{"line":85,"column":50}}]},"14":{"loc":{"start":{"line":88,"column":10},"end":{"line":88,"column":51}},"type":"binary-expr","locations":[{"start":{"line":88,"column":11},"end":{"line":88,"column":27}},{"start":{"line":88,"column":33},"end":{"line":88,"column":50}}]},"15":{"loc":{"start":{"line":91,"column":10},"end":{"line":91,"column":51}},"type":"binary-expr","locations":[{"start":{"line":91,"column":11},"end":{"line":91,"column":27}},{"start":{"line":91,"column":33},"end":{"line":91,"column":50}}]},"16":{"loc":{"start":{"line":94,"column":10},"end":{"line":94,"column":51}},"type":"binary-expr","locations":[{"start":{"line":94,"column":11},"end":{"line":94,"column":27}},{"start":{"line":94,"column":33},"end":{"line":94,"column":50}}]},"17":{"loc":{"start":{"line":97,"column":10},"end":{"line":97,"column":51}},"type":"binary-expr","locations":[{"start":{"line":97,"column":11},"end":{"line":97,"column":27}},{"start":{"line":97,"column":33},"end":{"line":97,"column":50}}]},"18":{"loc":{"start":{"line":100,"column":10},"end":{"line":100,"column":51}},"type":"binary-expr","locations":[{"start":{"line":100,"column":11},"end":{"line":100,"column":27}},{"start":{"line":100,"column":33},"end":{"line":100,"column":50}}]},"19":{"loc":{"start":{"line":103,"column":10},"end":{"line":103,"column":50}},"type":"binary-expr","locations":[{"start":{"line":103,"column":11},"end":{"line":103,"column":27}},{"start":{"line":103,"column":33},"end":{"line":103,"column":49}}]}},"s":{"0":4,"1":5,"2":4,"3":4,"4":3,"5":3,"6":2,"7":0,"8":2,"9":3,"10":4,"11":3,"12":3,"13":4,"14":3,"15":2,"16":2,"17":1,"18":4,"19":367,"20":32,"21":0,"22":18,"23":0,"24":29,"25":0,"26":22,"27":0,"28":28,"29":0,"30":21,"31":0,"32":18,"33":0,"34":21,"35":0,"36":24,"37":0,"38":19,"39":0,"40":16,"41":0,"42":25,"43":0,"44":27,"45":0,"46":30,"47":0,"48":19,"49":0,"50":16,"51":0,"52":2},"f":{"0":5,"1":3,"2":3,"3":2,"4":3,"5":3,"6":2,"7":2,"8":1,"9":367},"b":{"0":[0,2],"1":[1],"2":[1,0],"3":[32,18,29,22,28,21,18,21,24,19,16,25,27,30,19,16,2],"4":[367,20,348,14],"5":[335,334],"6":[317,316],"7":[288,287],"8":[266,265],"9":[238,237],"10":[217,216],"11":[199,198],"12":[178,177],"13":[154,153],"14":[135,134],"15":[119,118],"16":[94,93],"17":[67,66],"18":[37,36],"19":[18,17]},"hash":"7db5d360c500a9cb713a1ecf5cea314037c5e2a2"}
,"/Users/joe/dexcom/src/components/ForecastDisplay/MinuteDataView/index.js": {"path":"/Users/joe/dexcom/src/components/ForecastDisplay/MinuteDataView/index.js","statementMap":{"0":{"start":{"line":7,"column":34},"end":{"line":40,"column":1}},"1":{"start":{"line":12,"column":2},"end":{"line":12,"column":52}},"2":{"start":{"line":12,"column":41},"end":{"line":12,"column":52}},"3":{"start":{"line":17,"column":17},"end":{"line":20,"column":4}},"4":{"start":{"line":18,"column":20},"end":{"line":18,"column":48}},"5":{"start":{"line":19,"column":4},"end":{"line":19,"column":35}},"6":{"start":{"line":21,"column":19},"end":{"line":21,"column":67}},"7":{"start":{"line":23,"column":2},"end":{"line":39,"column":8}}},"fnMap":{"0":{"name":"(anonymous_0)","decl":{"start":{"line":7,"column":34},"end":{"line":7,"column":35}},"loc":{"start":{"line":7,"column":43},"end":{"line":40,"column":1}}},"1":{"name":"(anonymous_1)","decl":{"start":{"line":17,"column":32},"end":{"line":17,"column":33}},"loc":{"start":{"line":17,"column":49},"end":{"line":20,"column":3}}}},"branchMap":{"0":{"loc":{"start":{"line":12,"column":2},"end":{"line":12,"column":52}},"type":"if","locations":[{"start":{"line":12,"column":2},"end":{"line":12,"column":52}},{"start":{"line":12,"column":2},"end":{"line":12,"column":52}}]},"1":{"loc":{"start":{"line":12,"column":6},"end":{"line":12,"column":39}},"type":"binary-expr","locations":[{"start":{"line":12,"column":6},"end":{"line":12,"column":17}},{"start":{"line":12,"column":21},"end":{"line":12,"column":39}}]}},"s":{"0":4,"1":5,"2":4,"3":1,"4":0,"5":0,"6":1,"7":1},"f":{"0":5,"1":0},"b":{"0":[4,1],"1":[5,4]},"hash":"6da0f9d1297c298060136ecebc0f4bbff11eed50"}
,"/Users/joe/dexcom/src/components/LocationSearchBar/index.js": {"path":"/Users/joe/dexcom/src/components/LocationSearchBar/index.js","statementMap":{"0":{"start":{"line":2,"column":16},"end":{"line":2,"column":50}},"1":{"start":{"line":9,"column":25},"end":{"line":25,"column":2}},"2":{"start":{"line":11,"column":4},"end":{"line":11,"column":24}},"3":{"start":{"line":15,"column":4},"end":{"line":15,"column":28}},"4":{"start":{"line":16,"column":4},"end":{"line":16,"column":37}},"5":{"start":{"line":20,"column":4},"end":{"line":23,"column":10}}},"fnMap":{},"branchMap":{"0":{"loc":{"start":{"line":14,"column":14},"end":{"line":14,"column":36}},"type":"default-arg","locations":[{"start":{"line":14,"column":20},"end":{"line":14,"column":36}}]}},"s":{"0":3,"1":3,"2":4,"3":2,"4":2,"5":6},"f":{},"b":{"0":[1]},"hash":"7f275ef5d0f02e70cd7cb33a218a5c8631069185"}
,"/Users/joe/dexcom/src/components/LocationSearchBar/Input/index.js": {"path":"/Users/joe/dexcom/src/components/LocationSearchBar/Input/index.js","statementMap":{"0":{"start":{"line":2,"column":16},"end":{"line":2,"column":50}},"1":{"start":{"line":6,"column":30},"end":{"line":13,"column":4}},"2":{"start":{"line":6,"column":42},"end":{"line":13,"column":4}},"3":{"start":{"line":8,"column":21},"end":{"line":8,"column":53}},"4":{"start":{"line":9,"column":4},"end":{"line":12,"column":5}},"5":{"start":{"line":15,"column":21},"end":{"line":48,"column":2}},"6":{"start":{"line":17,"column":4},"end":{"line":17,"column":105}},"7":{"start":{"line":21,"column":4},"end":{"line":21,"column":62}},"8":{"start":{"line":22,"column":4},"end":{"line":22,"column":24}},"9":{"start":{"line":28,"column":25},"end":{"line":28,"column":73}},"10":{"start":{"line":29,"column":4},"end":{"line":39,"column":6}},"11":{"start":{"line":30,"column":18},"end":{"line":30,"column":41}},"12":{"start":{"line":33,"column":6},"end":{"line":38,"column":7}},"13":{"start":{"line":34,"column":8},"end":{"line":37,"column":12}},"14":{"start":{"line":36,"column":12},"end":{"line":36,"column":28}},"15":{"start":{"line":43,"column":4},"end":{"line":46,"column":44}},"16":{"start":{"line":44,"column":23},"end":{"line":44,"column":49}}},"fnMap":{"0":{"name":"(anonymous_0)","decl":{"start":{"line":6,"column":30},"end":{"line":6,"column":31}},"loc":{"start":{"line":6,"column":42},"end":{"line":13,"column":4}}},"1":{"name":"(anonymous_1)","decl":{"start":{"line":7,"column":8},"end":{"line":7,"column":9}},"loc":{"start":{"line":7,"column":23},"end":{"line":13,"column":3}}},"2":{"name":"(anonymous_2)","decl":{"start":{"line":29,"column":53},"end":{"line":29,"column":54}},"loc":{"start":{"line":29,"column":59},"end":{"line":39,"column":5}}},"3":{"name":"(anonymous_3)","decl":{"start":{"line":35,"column":16},"end":{"line":35,"column":17}},"loc":{"start":{"line":35,"column":26},"end":{"line":37,"column":11}}},"4":{"name":"(anonymous_4)","decl":{"start":{"line":44,"column":12},"end":{"line":44,"column":13}},"loc":{"start":{"line":44,"column":23},"end":{"line":44,"column":49}}}},"branchMap":{"0":{"loc":{"start":{"line":33,"column":6},"end":{"line":38,"column":7}},"type":"if","locations":[{"start":{"line":33,"column":6},"end":{"line":38,"column":7}},{"start":{"line":33,"column":6},"end":{"line":38,"column":7}}]}},"s":{"0":4,"1":4,"2":0,"3":0,"4":0,"5":4,"6":4,"7":1,"8":1,"9":4,"10":4,"11":0,"12":0,"13":0,"14":0,"15":7,"16":9},"f":{"0":0,"1":0,"2":0,"3":0,"4":9},"b":{"0":[0,0]},"hash":"1c99c2981a061a9a12d257d0b859f938594817b5"}
,"/Users/joe/dexcom/src/components/LocationSearchBar/SubmitButton/index.js": {"path":"/Users/joe/dexcom/src/components/LocationSearchBar/SubmitButton/index.js","statementMap":{"0":{"start":{"line":4,"column":28},"end":{"line":9,"column":1}},"1":{"start":{"line":5,"column":2},"end":{"line":8,"column":50}}},"fnMap":{"0":{"name":"(anonymous_0)","decl":{"start":{"line":4,"column":28},"end":{"line":4,"column":29}},"loc":{"start":{"line":4,"column":37},"end":{"line":9,"column":1}}}},"branchMap":{},"s":{"0":4,"1":6},"f":{"0":6},"b":{},"hash":"bf9824a5a4913e9934ee9434cdb181bb56850364"}
,"/Users/joe/dexcom/src/components/Map/index.js": {"path":"/Users/joe/dexcom/src/components/Map/index.js","statementMap":{"0":{"start":{"line":8,"column":16},"end":{"line":8,"column":50}},"1":{"start":{"line":12,"column":19},"end":{"line":47,"column":2}},"2":{"start":{"line":14,"column":4},"end":{"line":14,"column":62}},"3":{"start":{"line":18,"column":4},"end":{"line":18,"column":65}},"4":{"start":{"line":25,"column":4},"end":{"line":25,"column":36}},"5":{"start":{"line":29,"column":4},"end":{"line":29,"column":18}},"6":{"start":{"line":30,"column":4},"end":{"line":30,"column":19}},"7":{"start":{"line":34,"column":4},"end":{"line":45,"column":10}},"8":{"start":{"line":38,"column":23},"end":{"line":38,"column":37}},"9":{"start":{"line":49,"column":34},"end":{"line":63,"column":1}},"10":{"start":{"line":50,"column":29},"end":{"line":52,"column":4}},"11":{"start":{"line":50,"column":35},"end":{"line":52,"column":4}},"12":{"start":{"line":51,"column":4},"end":{"line":51,"column":60}},"13":{"start":{"line":54,"column":2},"end":{"line":62,"column":47}},"14":{"start":{"line":57,"column":6},"end":{"line":57,"column":82}},"15":{"start":{"line":58,"column":6},"end":{"line":58,"column":21}},"16":{"start":{"line":60,"column":22},"end":{"line":60,"column":43}},"17":{"start":{"line":61,"column":19},"end":{"line":61,"column":70}},"18":{"start":{"line":62,"column":23},"end":{"line":62,"column":45}},"19":{"start":{"line":65,"column":27},"end":{"line":69,"column":1}},"20":{"start":{"line":66,"column":2},"end":{"line":66,"column":60}},"21":{"start":{"line":67,"column":2},"end":{"line":67,"column":36}},"22":{"start":{"line":68,"column":2},"end":{"line":68,"column":27}},"23":{"start":{"line":71,"column":33},"end":{"line":75,"column":1}},"24":{"start":{"line":72,"column":19},"end":{"line":72,"column":72}},"25":{"start":{"line":73,"column":15},"end":{"line":73,"column":60}},"26":{"start":{"line":74,"column":2},"end":{"line":74,"column":49}},"27":{"start":{"line":77,"column":29},"end":{"line":110,"column":2}},"28":{"start":{"line":82,"column":28},"end":{"line":85,"column":5}},"29":{"start":{"line":87,"column":4},"end":{"line":88,"column":50}},"30":{"start":{"line":87,"column":30},"end":{"line":87,"column":52}},"31":{"start":{"line":88,"column":9},"end":{"line":88,"column":50}},"32":{"start":{"line":92,"column":4},"end":{"line":96,"column":5}},"33":{"start":{"line":93,"column":6},"end":{"line":95,"column":46}},"34":{"start":{"line":94,"column":26},"end":{"line":94,"column":47}},"35":{"start":{"line":95,"column":22},"end":{"line":95,"column":45}},"36":{"start":{"line":100,"column":4},"end":{"line":100,"column":37}},"37":{"start":{"line":104,"column":4},"end":{"line":108,"column":10}}},"fnMap":{"0":{"name":"(anonymous_0)","decl":{"start":{"line":38,"column":16},"end":{"line":38,"column":17}},"loc":{"start":{"line":38,"column":23},"end":{"line":38,"column":37}}},"1":{"name":"(anonymous_1)","decl":{"start":{"line":49,"column":34},"end":{"line":49,"column":35}},"loc":{"start":{"line":49,"column":40},"end":{"line":63,"column":1}}},"2":{"name":"(anonymous_2)","decl":{"start":{"line":50,"column":29},"end":{"line":50,"column":30}},"loc":{"start":{"line":50,"column":35},"end":{"line":52,"column":4}}},"3":{"name":"(anonymous_3)","decl":{"start":{"line":50,"column":47},"end":{"line":50,"column":48}},"loc":{"start":{"line":50,"column":68},"end":{"line":52,"column":3}}},"4":{"name":"(anonymous_4)","decl":{"start":{"line":55,"column":10},"end":{"line":55,"column":11}},"loc":{"start":{"line":55,"column":22},"end":{"line":59,"column":5}}},"5":{"name":"(anonymous_5)","decl":{"start":{"line":60,"column":10},"end":{"line":60,"column":11}},"loc":{"start":{"line":60,"column":22},"end":{"line":60,"column":43}}},"6":{"name":"(anonymous_6)","decl":{"start":{"line":61,"column":10},"end":{"line":61,"column":11}},"loc":{"start":{"line":61,"column":19},"end":{"line":61,"column":70}}},"7":{"name":"(anonymous_7)","decl":{"start":{"line":62,"column":10},"end":{"line":62,"column":11}},"loc":{"start":{"line":62,"column":23},"end":{"line":62,"column":45}}},"8":{"name":"(anonymous_8)","decl":{"start":{"line":65,"column":27},"end":{"line":65,"column":28}},"loc":{"start":{"line":65,"column":47},"end":{"line":69,"column":1}}},"9":{"name":"(anonymous_9)","decl":{"start":{"line":71,"column":33},"end":{"line":71,"column":34}},"loc":{"start":{"line":71,"column":45},"end":{"line":75,"column":1}}},"10":{"name":"(anonymous_10)","decl":{"start":{"line":94,"column":14},"end":{"line":94,"column":15}},"loc":{"start":{"line":94,"column":26},"end":{"line":94,"column":47}}},"11":{"name":"(anonymous_11)","decl":{"start":{"line":95,"column":14},"end":{"line":95,"column":15}},"loc":{"start":{"line":95,"column":22},"end":{"line":95,"column":45}}}},"branchMap":{"0":{"loc":{"start":{"line":72,"column":19},"end":{"line":72,"column":72}},"type":"binary-expr","locations":[{"start":{"line":72,"column":19},"end":{"line":72,"column":51}},{"start":{"line":72,"column":55},"end":{"line":72,"column":72}}]},"1":{"loc":{"start":{"line":73,"column":15},"end":{"line":73,"column":60}},"type":"binary-expr","locations":[{"start":{"line":73,"column":15},"end":{"line":73,"column":43}},{"start":{"line":73,"column":47},"end":{"line":73,"column":60}}]},"2":{"loc":{"start":{"line":87,"column":4},"end":{"line":88,"column":50}},"type":"if","locations":[{"start":{"line":87,"column":4},"end":{"line":88,"column":50}},{"start":{"line":87,"column":4},"end":{"line":88,"column":50}}]},"3":{"loc":{"start":{"line":92,"column":4},"end":{"line":96,"column":5}},"type":"if","locations":[{"start":{"line":92,"column":4},"end":{"line":96,"column":5}},{"start":{"line":92,"column":4},"end":{"line":96,"column":5}}]},"4":{"loc":{"start":{"line":92,"column":8},"end":{"line":92,"column":48}},"type":"binary-expr","locations":[{"start":{"line":92,"column":8},"end":{"line":92,"column":28}},{"start":{"line":92,"column":32},"end":{"line":92,"column":48}}]}},"s":{"0":2,"1":2,"2":0,"3":0,"4":0,"5":0,"6":0,"7":1,"8":0,"9":2,"10":0,"11":0,"12":0,"13":0,"14":0,"15":0,"16":0,"17":0,"18":0,"19":2,"20":0,"21":0,"22":0,"23":2,"24":0,"25":0,"26":0,"27":2,"28":1,"29":1,"30":1,"31":0,"32":0,"33":0,"34":0,"35":0,"36":0,"37":1},"f":{"0":0,"1":0,"2":0,"3":0,"4":0,"5":0,"6":0,"7":0,"8":0,"9":0,"10":0,"11":0},"b":{"0":[0,0],"1":[0,0],"2":[1,0],"3":[0,0],"4":[0,0]},"hash":"e547a50a426e9d73fff8362cbd50c639a776e41a"}
}
