{"/Users/joe/dexcom/src/components/ForecastDisplay/utilities.js": {"path":"/Users/joe/dexcom/src/components/ForecastDisplay/utilities.js","statementMap":{"0":{"start":{"line":3,"column":30},"end":{"line":8,"column":1}},"1":{"start":{"line":6,"column":2},"end":{"line":6,"column":65}},"2":{"start":{"line":14,"column":15},"end":{"line":18,"column":2}},"3":{"start":{"line":20,"column":29},"end":{"line":29,"column":1}},"4":{"start":{"line":21,"column":2},"end":{"line":28,"column":4}},"5":{"start":{"line":22,"column":27},"end":{"line":25,"column":5}},"6":{"start":{"line":23,"column":6},"end":{"line":23,"column":30}},"7":{"start":{"line":23,"column":17},"end":{"line":23,"column":30}},"8":{"start":{"line":24,"column":6},"end":{"line":24,"column":30}},"9":{"start":{"line":27,"column":4},"end":{"line":27,"column":41}},"10":{"start":{"line":31,"column":33},"end":{"line":42,"column":1}},"11":{"start":{"line":33,"column":2},"end":{"line":37,"column":134}},"12":{"start":{"line":34,"column":4},"end":{"line":34,"column":34}},"13":{"start":{"line":35,"column":4},"end":{"line":35,"column":45}},"14":{"start":{"line":35,"column":28},"end":{"line":35,"column":45}},"15":{"start":{"line":37,"column":17},"end":{"line":37,"column":133}},"16":{"start":{"line":38,"column":2},"end":{"line":41,"column":4}},"17":{"start":{"line":44,"column":29},"end":{"line":57,"column":1}},"18":{"start":{"line":45,"column":2},"end":{"line":56,"column":6}},"19":{"start":{"line":46,"column":22},"end":{"line":46,"column":42}},"20":{"start":{"line":48,"column":6},"end":{"line":52,"column":7}},"21":{"start":{"line":55,"column":6},"end":{"line":55,"column":17}},"22":{"start":{"line":62,"column":33},"end":{"line":115,"column":1}},"23":{"start":{"line":63,"column":2},"end":{"line":114,"column":3}},"24":{"start":{"line":65,"column":6},"end":{"line":65,"column":16}},"25":{"start":{"line":66,"column":6},"end":{"line":66,"column":11}},"26":{"start":{"line":68,"column":6},"end":{"line":68,"column":18}},"27":{"start":{"line":69,"column":6},"end":{"line":69,"column":11}},"28":{"start":{"line":71,"column":6},"end":{"line":71,"column":17}},"29":{"start":{"line":72,"column":6},"end":{"line":72,"column":11}},"30":{"start":{"line":74,"column":6},"end":{"line":74,"column":18}},"31":{"start":{"line":75,"column":6},"end":{"line":75,"column":11}},"32":{"start":{"line":77,"column":6},"end":{"line":77,"column":16}},"33":{"start":{"line":78,"column":6},"end":{"line":78,"column":11}},"34":{"start":{"line":80,"column":6},"end":{"line":80,"column":18}},"35":{"start":{"line":81,"column":6},"end":{"line":81,"column":11}},"36":{"start":{"line":83,"column":6},"end":{"line":83,"column":17}},"37":{"start":{"line":84,"column":6},"end":{"line":84,"column":11}},"38":{"start":{"line":86,"column":6},"end":{"line":86,"column":18}},"39":{"start":{"line":87,"column":6},"end":{"line":87,"column":11}},"40":{"start":{"line":89,"column":6},"end":{"line":89,"column":16}},"41":{"start":{"line":90,"column":6},"end":{"line":90,"column":11}},"42":{"start":{"line":92,"column":6},"end":{"line":92,"column":18}},"43":{"start":{"line":93,"column":6},"end":{"line":93,"column":11}},"44":{"start":{"line":95,"column":6},"end":{"line":95,"column":17}},"45":{"start":{"line":96,"column":6},"end":{"line":96,"column":11}},"46":{"start":{"line":98,"column":6},"end":{"line":98,"column":18}},"47":{"start":{"line":99,"column":6},"end":{"line":99,"column":11}},"48":{"start":{"line":101,"column":6},"end":{"line":101,"column":16}},"49":{"start":{"line":102,"column":6},"end":{"line":102,"column":11}},"50":{"start":{"line":104,"column":6},"end":{"line":104,"column":18}},"51":{"start":{"line":105,"column":6},"end":{"line":105,"column":11}},"52":{"start":{"line":107,"column":6},"end":{"line":107,"column":17}},"53":{"start":{"line":108,"column":6},"end":{"line":108,"column":11}},"54":{"start":{"line":110,"column":6},"end":{"line":110,"column":18}},"55":{"start":{"line":111,"column":6},"end":{"line":111,"column":11}},"56":{"start":{"line":113,"column":6},"end":{"line":113,"column":73}}},"fnMap":{"0":{"name":"(anonymous_0)","decl":{"start":{"line":3,"column":30},"end":{"line":3,"column":31}},"loc":{"start":{"line":3,"column":38},"end":{"line":8,"column":1}}},"1":{"name":"(anonymous_1)","decl":{"start":{"line":20,"column":29},"end":{"line":20,"column":30}},"loc":{"start":{"line":20,"column":39},"end":{"line":29,"column":1}}},"2":{"name":"(anonymous_2)","decl":{"start":{"line":21,"column":21},"end":{"line":21,"column":22}},"loc":{"start":{"line":21,"column":42},"end":{"line":28,"column":3}}},"3":{"name":"(anonymous_3)","decl":{"start":{"line":22,"column":27},"end":{"line":22,"column":28}},"loc":{"start":{"line":22,"column":47},"end":{"line":25,"column":5}}},"4":{"name":"(anonymous_4)","decl":{"start":{"line":31,"column":33},"end":{"line":31,"column":34}},"loc":{"start":{"line":31,"column":44},"end":{"line":42,"column":1}}},"5":{"name":"(anonymous_5)","decl":{"start":{"line":44,"column":29},"end":{"line":44,"column":30}},"loc":{"start":{"line":44,"column":88},"end":{"line":57,"column":1}}},"6":{"name":"(anonymous_6)","decl":{"start":{"line":46,"column":10},"end":{"line":46,"column":11}},"loc":{"start":{"line":46,"column":22},"end":{"line":46,"column":42}}},"7":{"name":"(anonymous_7)","decl":{"start":{"line":47,"column":10},"end":{"line":47,"column":11}},"loc":{"start":{"line":47,"column":21},"end":{"line":53,"column":5}}},"8":{"name":"(anonymous_8)","decl":{"start":{"line":54,"column":11},"end":{"line":54,"column":12}},"loc":{"start":{"line":54,"column":20},"end":{"line":56,"column":5}}},"9":{"name":"(anonymous_9)","decl":{"start":{"line":62,"column":33},"end":{"line":62,"column":34}},"loc":{"start":{"line":62,"column":44},"end":{"line":115,"column":1}}}},"branchMap":{"0":{"loc":{"start":{"line":23,"column":6},"end":{"line":23,"column":30}},"type":"if","locations":[{"start":{"line":23,"column":6},"end":{"line":23,"column":30}},{"start":{"line":23,"column":6},"end":{"line":23,"column":30}}]},"1":{"loc":{"start":{"line":35,"column":4},"end":{"line":35,"column":45}},"type":"if","locations":[{"start":{"line":35,"column":4},"end":{"line":35,"column":45}},{"start":{"line":35,"column":4},"end":{"line":35,"column":45}}]},"2":{"loc":{"start":{"line":44,"column":30},"end":{"line":44,"column":82}},"type":"default-arg","locations":[{"start":{"line":44,"column":39},"end":{"line":44,"column":82}}]},"3":{"loc":{"start":{"line":51,"column":18},"end":{"line":51,"column":95}},"type":"binary-expr","locations":[{"start":{"line":51,"column":18},"end":{"line":51,"column":34}},{"start":{"line":51,"column":38},"end":{"line":51,"column":95}}]},"4":{"loc":{"start":{"line":63,"column":2},"end":{"line":114,"column":3}},"type":"switch","locations":[{"start":{"line":64,"column":4},"end":{"line":66,"column":11}},{"start":{"line":67,"column":4},"end":{"line":69,"column":11}},{"start":{"line":70,"column":4},"end":{"line":72,"column":11}},{"start":{"line":73,"column":4},"end":{"line":75,"column":11}},{"start":{"line":76,"column":4},"end":{"line":78,"column":11}},{"start":{"line":79,"column":4},"end":{"line":81,"column":11}},{"start":{"line":82,"column":4},"end":{"line":84,"column":11}},{"start":{"line":85,"column":4},"end":{"line":87,"column":11}},{"start":{"line":88,"column":4},"end":{"line":90,"column":11}},{"start":{"line":91,"column":4},"end":{"line":93,"column":11}},{"start":{"line":94,"column":4},"end":{"line":96,"column":11}},{"start":{"line":97,"column":4},"end":{"line":99,"column":11}},{"start":{"line":100,"column":4},"end":{"line":102,"column":11}},{"start":{"line":103,"column":4},"end":{"line":105,"column":11}},{"start":{"line":106,"column":4},"end":{"line":108,"column":11}},{"start":{"line":109,"column":4},"end":{"line":111,"column":11}},{"start":{"line":112,"column":4},"end":{"line":113,"column":73}}]},"5":{"loc":{"start":{"line":64,"column":10},"end":{"line":64,"column":85}},"type":"binary-expr","locations":[{"start":{"line":64,"column":11},"end":{"line":64,"column":27}},{"start":{"line":64,"column":31},"end":{"line":64,"column":43}},{"start":{"line":64,"column":49},"end":{"line":64,"column":66}},{"start":{"line":64,"column":70},"end":{"line":64,"column":84}}]},"6":{"loc":{"start":{"line":67,"column":10},"end":{"line":67,"column":49}},"type":"binary-expr","locations":[{"start":{"line":67,"column":11},"end":{"line":67,"column":26}},{"start":{"line":67,"column":32},"end":{"line":67,"column":48}}]},"7":{"loc":{"start":{"line":70,"column":10},"end":{"line":70,"column":49}},"type":"binary-expr","locations":[{"start":{"line":70,"column":11},"end":{"line":70,"column":26}},{"start":{"line":70,"column":32},"end":{"line":70,"column":48}}]},"8":{"loc":{"start":{"line":73,"column":10},"end":{"line":73,"column":49}},"type":"binary-expr","locations":[{"start":{"line":73,"column":11},"end":{"line":73,"column":26}},{"start":{"line":73,"column":32},"end":{"line":73,"column":48}}]},"9":{"loc":{"start":{"line":76,"column":10},"end":{"line":76,"column":50}},"type":"binary-expr","locations":[{"start":{"line":76,"column":11},"end":{"line":76,"column":26}},{"start":{"line":76,"column":32},"end":{"line":76,"column":49}}]},"10":{"loc":{"start":{"line":79,"column":10},"end":{"line":79,"column":51}},"type":"binary-expr","locations":[{"start":{"line":79,"column":11},"end":{"line":79,"column":27}},{"start":{"line":79,"column":33},"end":{"line":79,"column":50}}]},"11":{"loc":{"start":{"line":82,"column":10},"end":{"line":82,"column":51}},"type":"binary-expr","locations":[{"start":{"line":82,"column":11},"end":{"line":82,"column":27}},{"start":{"line":82,"column":33},"end":{"line":82,"column":50}}]},"12":{"loc":{"start":{"line":85,"column":10},"end":{"line":85,"column":51}},"type":"binary-expr","locations":[{"start":{"line":85,"column":11},"end":{"line":85,"column":27}},{"start":{"line":85,"column":33},"end":{"line":85,"column":50}}]},"13":{"loc":{"start":{"line":88,"column":10},"end":{"line":88,"column":51}},"type":"binary-expr","locations":[{"start":{"line":88,"column":11},"end":{"line":88,"column":27}},{"start":{"line":88,"column":33},"end":{"line":88,"column":50}}]},"14":{"loc":{"start":{"line":91,"column":10},"end":{"line":91,"column":51}},"type":"binary-expr","locations":[{"start":{"line":91,"column":11},"end":{"line":91,"column":27}},{"start":{"line":91,"column":33},"end":{"line":91,"column":50}}]},"15":{"loc":{"start":{"line":94,"column":10},"end":{"line":94,"column":51}},"type":"binary-expr","locations":[{"start":{"line":94,"column":11},"end":{"line":94,"column":27}},{"start":{"line":94,"column":33},"end":{"line":94,"column":50}}]},"16":{"loc":{"start":{"line":97,"column":10},"end":{"line":97,"column":51}},"type":"binary-expr","locations":[{"start":{"line":97,"column":11},"end":{"line":97,"column":27}},{"start":{"line":97,"column":33},"end":{"line":97,"column":50}}]},"17":{"loc":{"start":{"line":100,"column":10},"end":{"line":100,"column":51}},"type":"binary-expr","locations":[{"start":{"line":100,"column":11},"end":{"line":100,"column":27}},{"start":{"line":100,"column":33},"end":{"line":100,"column":50}}]},"18":{"loc":{"start":{"line":103,"column":10},"end":{"line":103,"column":51}},"type":"binary-expr","locations":[{"start":{"line":103,"column":11},"end":{"line":103,"column":27}},{"start":{"line":103,"column":33},"end":{"line":103,"column":50}}]},"19":{"loc":{"start":{"line":106,"column":10},"end":{"line":106,"column":51}},"type":"binary-expr","locations":[{"start":{"line":106,"column":11},"end":{"line":106,"column":27}},{"start":{"line":106,"column":33},"end":{"line":106,"column":50}}]},"20":{"loc":{"start":{"line":109,"column":10},"end":{"line":109,"column":50}},"type":"binary-expr","locations":[{"start":{"line":109,"column":11},"end":{"line":109,"column":27}},{"start":{"line":109,"column":33},"end":{"line":109,"column":49}}]}},"s":{"0":1,"1":0,"2":1,"3":1,"4":2,"5":2,"6":2,"7":0,"8":2,"9":2,"10":1,"11":3,"12":3,"13":3,"14":1,"15":1,"16":2,"17":1,"18":2,"19":2,"20":2,"21":1,"22":1,"23":362,"24":17,"25":0,"26":15,"27":0,"28":27,"29":0,"30":22,"31":0,"32":14,"33":0,"34":23,"35":0,"36":28,"37":0,"38":25,"39":0,"40":20,"41":0,"42":29,"43":0,"44":29,"45":0,"46":20,"47":0,"48":25,"49":0,"50":17,"51":0,"52":19,"53":0,"54":30,"55":0,"56":2},"f":{"0":0,"1":2,"2":2,"3":2,"4":3,"5":2,"6":2,"7":2,"8":1,"9":362},"b":{"0":[0,2],"1":[1,2],"2":[1],"3":[1,0],"4":[17,15,27,22,14,23,28,25,20,29,29,20,25,17,19,30,2],"5":[362,8,355,11],"6":[345,344],"7":[330,329],"8":[303,302],"9":[281,280],"10":[267,266],"11":[244,243],"12":[216,215],"13":[191,190],"14":[171,170],"15":[142,141],"16":[113,112],"17":[93,92],"18":[68,67],"19":[51,50],"20":[32,31]},"hash":"59bb985f9201ee6bcdb3958f3583ae01d2d11ba0"}
}
