TN:
SF:/Users/joe/dexcom/src/components/ForecastDisplay/utilities.js
FN:3,(anonymous_0)
FN:20,(anonymous_1)
FN:21,(anonymous_2)
FN:22,(anonymous_3)
FN:31,(anonymous_4)
FN:44,(anonymous_5)
FN:46,(anonymous_6)
FN:47,(anonymous_7)
FN:54,(anonymous_8)
FN:62,(anonymous_9)
FNF:10
FNH:9
FNDA:0,(anonymous_0)
FNDA:2,(anonymous_1)
FNDA:2,(anonymous_2)
FNDA:2,(anonymous_3)
FNDA:3,(anonymous_4)
FNDA:2,(anonymous_5)
FNDA:2,(anonymous_6)
FNDA:2,(anonymous_7)
FNDA:1,(anonymous_8)
FNDA:362,(anonymous_9)
DA:3,1
DA:6,0
DA:14,1
DA:20,1
DA:21,2
DA:22,2
DA:23,2
DA:24,2
DA:27,2
DA:31,1
DA:33,3
DA:34,3
DA:35,3
DA:37,1
DA:38,2
DA:44,1
DA:45,2
DA:46,2
DA:48,2
DA:55,1
DA:62,1
DA:63,362
DA:65,17
DA:66,0
DA:68,15
DA:69,0
DA:71,27
DA:72,0
DA:74,22
DA:75,0
DA:77,14
DA:78,0
DA:80,23
DA:81,0
DA:83,28
DA:84,0
DA:86,25
DA:87,0
DA:89,20
DA:90,0
DA:92,29
DA:93,0
DA:95,29
DA:96,0
DA:98,20
DA:99,0
DA:101,25
DA:102,0
DA:104,17
DA:105,0
DA:107,19
DA:108,0
DA:110,30
DA:111,0
DA:113,2
LF:55
LH:38
BRDA:23,0,0,0
BRDA:23,0,1,2
BRDA:35,1,0,1
BRDA:35,1,1,2
BRDA:44,2,0,1
BRDA:51,3,0,1
BRDA:51,3,1,0
BRDA:63,4,0,17
BRDA:63,4,1,15
BRDA:63,4,2,27
BRDA:63,4,3,22
BRDA:63,4,4,14
BRDA:63,4,5,23
BRDA:63,4,6,28
BRDA:63,4,7,25
BRDA:63,4,8,20
BRDA:63,4,9,29
BRDA:63,4,10,29
BRDA:63,4,11,20
BRDA:63,4,12,25
BRDA:63,4,13,17
BRDA:63,4,14,19
BRDA:63,4,15,30
BRDA:63,4,16,2
BRDA:64,5,0,362
BRDA:64,5,1,8
BRDA:64,5,2,355
BRDA:64,5,3,11
BRDA:67,6,0,345
BRDA:67,6,1,344
BRDA:70,7,0,330
BRDA:70,7,1,329
BRDA:73,8,0,303
BRDA:73,8,1,302
BRDA:76,9,0,281
BRDA:76,9,1,280
BRDA:79,10,0,267
BRDA:79,10,1,266
BRDA:82,11,0,244
BRDA:82,11,1,243
BRDA:85,12,0,216
BRDA:85,12,1,215
BRDA:88,13,0,191
BRDA:88,13,1,190
BRDA:91,14,0,171
BRDA:91,14,1,170
BRDA:94,15,0,142
BRDA:94,15,1,141
BRDA:97,16,0,113
BRDA:97,16,1,112
BRDA:100,17,0,93
BRDA:100,17,1,92
BRDA:103,18,0,68
BRDA:103,18,1,67
BRDA:106,19,0,51
BRDA:106,19,1,50
BRDA:109,20,0,32
BRDA:109,20,1,31
BRF:58
BRH:56
end_of_record
