TN:
SF:/Users/joe/dexcom/fileMock.js
FN:1,(anonymous_0)
FNF:1
FNH:1
FNDA:1,(anonymous_0)
DA:1,1
LF:1
LH:1
BRF:0
BRH:0
end_of_record
TN:
SF:/Users/joe/dexcom/styleMock.js
FNF:0
FNH:0
DA:1,7
LF:1
LH:1
BRF:0
BRH:0
end_of_record
TN:
SF:/Users/joe/dexcom/src/components/root.js
FN:11,(anonymous_0)
FNF:1
FNH:1
FNDA:2,(anonymous_0)
DA:11,1
DA:12,2
LF:2
LH:2
BRF:0
BRH:0
end_of_record
TN:
SF:/Users/joe/dexcom/src/components/ForecastDisplay/index.js
FN:40,(anonymous_0)
FN:42,(anonymous_1)
FN:47,(anonymous_2)
FN:58,(anonymous_3)
FN:65,(anonymous_4)
FN:86,(anonymous_5)
FN:93,(anonymous_6)
FNF:7
FNH:1
FNDA:0,(anonymous_0)
FNDA:0,(anonymous_1)
FNDA:3,(anonymous_2)
FNDA:0,(anonymous_3)
FNDA:0,(anonymous_4)
FNDA:0,(anonymous_5)
FNDA:0,(anonymous_6)
DA:12,3
DA:40,3
DA:41,0
DA:43,0
DA:47,3
DA:48,3
DA:49,3
DA:58,3
DA:59,0
DA:65,3
DA:66,0
DA:77,3
DA:79,0
DA:83,0
DA:86,0
DA:90,0
DA:93,0
DA:97,0
DA:98,0
DA:99,0
LF:20
LH:8
BRDA:40,0,0,0
BRDA:40,1,0,0
BRDA:54,2,0,0
BRDA:54,2,1,3
BRDA:60,3,0,0
BRDA:60,3,1,0
BRDA:61,4,0,0
BRDA:61,4,1,0
BRF:8
BRH:1
end_of_record
TN:
SF:/Users/joe/dexcom/src/components/ForecastDisplay/utilities.js
FN:3,(anonymous_0)
FN:19,(anonymous_1)
FN:20,(anonymous_2)
FN:21,(anonymous_3)
FN:30,(anonymous_4)
FN:38,(anonymous_5)
FN:40,(anonymous_6)
FN:41,(anonymous_7)
FN:48,(anonymous_8)
FN:56,(anonymous_9)
FNF:10
FNH:10
FNDA:3,(anonymous_0)
FNDA:2,(anonymous_1)
FNDA:2,(anonymous_2)
FNDA:2,(anonymous_3)
FNDA:2,(anonymous_4)
FNDA:2,(anonymous_5)
FNDA:2,(anonymous_6)
FNDA:2,(anonymous_7)
FNDA:1,(anonymous_8)
FNDA:362,(anonymous_9)
DA:3,4
DA:6,3
DA:13,4
DA:19,4
DA:20,2
DA:21,2
DA:22,2
DA:23,2
DA:26,2
DA:30,4
DA:31,2
DA:32,2
DA:38,4
DA:39,2
DA:40,2
DA:42,2
DA:49,1
DA:56,4
DA:57,362
DA:59,28
DA:60,0
DA:62,18
DA:63,0
DA:65,23
DA:66,0
DA:68,28
DA:69,0
DA:71,22
DA:72,0
DA:74,17
DA:75,0
DA:77,29
DA:78,0
DA:80,18
DA:81,0
DA:83,20
DA:84,0
DA:86,23
DA:87,0
DA:89,16
DA:90,0
DA:92,19
DA:93,0
DA:95,25
DA:96,0
DA:98,21
DA:99,0
DA:101,26
DA:102,0
DA:104,27
DA:105,0
DA:107,2
LF:52
LH:36
BRDA:22,0,0,0
BRDA:22,0,1,2
BRDA:38,1,0,1
BRDA:45,2,0,1
BRDA:45,2,1,0
BRDA:57,3,0,28
BRDA:57,3,1,18
BRDA:57,3,2,23
BRDA:57,3,3,28
BRDA:57,3,4,22
BRDA:57,3,5,17
BRDA:57,3,6,29
BRDA:57,3,7,18
BRDA:57,3,8,20
BRDA:57,3,9,23
BRDA:57,3,10,16
BRDA:57,3,11,19
BRDA:57,3,12,25
BRDA:57,3,13,21
BRDA:57,3,14,26
BRDA:57,3,15,27
BRDA:57,3,16,2
BRDA:58,4,0,362
BRDA:58,4,1,17
BRDA:58,4,2,346
BRDA:58,4,3,13
BRDA:61,5,0,334
BRDA:61,5,1,333
BRDA:64,6,0,316
BRDA:64,6,1,315
BRDA:67,7,0,293
BRDA:67,7,1,292
BRDA:70,8,0,265
BRDA:70,8,1,264
BRDA:73,9,0,243
BRDA:73,9,1,242
BRDA:76,10,0,226
BRDA:76,10,1,225
BRDA:79,11,0,197
BRDA:79,11,1,196
BRDA:82,12,0,179
BRDA:82,12,1,178
BRDA:85,13,0,159
BRDA:85,13,1,158
BRDA:88,14,0,136
BRDA:88,14,1,135
BRDA:91,15,0,120
BRDA:91,15,1,119
BRDA:94,16,0,101
BRDA:94,16,1,100
BRDA:97,17,0,76
BRDA:97,17,1,75
BRDA:100,18,0,55
BRDA:100,18,1,54
BRDA:103,19,0,29
BRDA:103,19,1,28
BRF:56
BRH:54
end_of_record
TN:
SF:/Users/joe/dexcom/src/components/ForecastDisplay/MinuteDataView/index.js
FN:7,(anonymous_0)
FN:17,(anonymous_1)
FNF:2
FNH:1
FNDA:2,(anonymous_0)
FNDA:0,(anonymous_1)
DA:7,4
DA:12,2
DA:17,1
DA:18,0
DA:19,0
DA:21,1
DA:23,1
LF:7
LH:5
BRDA:12,0,0,1
BRDA:12,0,1,1
BRDA:12,1,0,2
BRDA:12,1,1,1
BRF:4
BRH:4
end_of_record
TN:
SF:/Users/joe/dexcom/src/components/LocationSearchBar/index.js
FNF:0
FNH:0
DA:2,3
DA:9,3
DA:11,4
DA:15,2
DA:16,2
DA:20,6
LF:6
LH:6
BRDA:14,0,0,1
BRF:1
BRH:1
end_of_record
TN:
SF:/Users/joe/dexcom/src/components/LocationSearchBar/Input/index.js
FN:6,(anonymous_0)
FN:7,(anonymous_1)
FN:29,(anonymous_2)
FN:35,(anonymous_3)
FN:44,(anonymous_4)
FNF:5
FNH:1
FNDA:0,(anonymous_0)
FNDA:0,(anonymous_1)
FNDA:0,(anonymous_2)
FNDA:0,(anonymous_3)
FNDA:9,(anonymous_4)
DA:2,4
DA:6,4
DA:8,0
DA:9,0
DA:15,4
DA:17,4
DA:21,1
DA:22,1
DA:28,4
DA:29,4
DA:30,0
DA:33,0
DA:34,0
DA:36,0
DA:43,7
DA:44,9
LF:16
LH:10
BRDA:33,0,0,0
BRDA:33,0,1,0
BRF:2
BRH:0
end_of_record
TN:
SF:/Users/joe/dexcom/src/components/LocationSearchBar/SubmitButton/index.js
FN:4,(anonymous_0)
FNF:1
FNH:1
FNDA:6,(anonymous_0)
DA:4,4
DA:5,6
LF:2
LH:2
BRF:0
BRH:0
end_of_record
TN:
SF:/Users/joe/dexcom/src/components/Map/index.js
FN:38,(anonymous_0)
FN:49,(anonymous_1)
FN:50,(anonymous_2)
FN:50,(anonymous_3)
FN:55,(anonymous_4)
FN:60,(anonymous_5)
FN:61,(anonymous_6)
FN:62,(anonymous_7)
FN:65,(anonymous_8)
FN:71,(anonymous_9)
FN:94,(anonymous_10)
FN:95,(anonymous_11)
FNF:12
FNH:0
FNDA:0,(anonymous_0)
FNDA:0,(anonymous_1)
FNDA:0,(anonymous_2)
FNDA:0,(anonymous_3)
FNDA:0,(anonymous_4)
FNDA:0,(anonymous_5)
FNDA:0,(anonymous_6)
FNDA:0,(anonymous_7)
FNDA:0,(anonymous_8)
FNDA:0,(anonymous_9)
FNDA:0,(anonymous_10)
FNDA:0,(anonymous_11)
DA:8,2
DA:12,2
DA:14,0
DA:18,0
DA:25,0
DA:29,0
DA:30,0
DA:34,1
DA:38,0
DA:49,2
DA:50,0
DA:51,0
DA:54,0
DA:57,0
DA:58,0
DA:60,0
DA:61,0
DA:62,0
DA:65,2
DA:66,0
DA:67,0
DA:68,0
DA:71,2
DA:72,0
DA:73,0
DA:74,0
DA:77,2
DA:82,1
DA:87,1
DA:88,0
DA:92,0
DA:93,0
DA:94,0
DA:95,0
DA:100,0
DA:104,1
LF:36
LH:10
BRDA:72,0,0,0
BRDA:72,0,1,0
BRDA:73,1,0,0
BRDA:73,1,1,0
BRDA:87,2,0,1
BRDA:87,2,1,0
BRDA:92,3,0,0
BRDA:92,3,1,0
BRDA:92,4,0,0
BRDA:92,4,1,0
BRF:10
BRH:1
end_of_record
